This is pdfTeX, Version 3.1415926-2.5-1.40.14 (TeX Live 2013/Debian) (format=pdflatex 2015.4.13)  15 DEC 2015 16:38
entering extended mode
 restricted \write18 enabled.
 %&-line parsing enabled.
**report.tex
(./report.tex
LaTeX2e <2011/06/27>
Babel <3.9h> and hyphenation patterns for 4 languages loaded.
(/usr/share/texlive/texmf-dist/tex/latex/extsizes/extarticle.cls
Document Class: extarticle 1996/10/08 v1.0 Non Standard LaTeX document class
(/usr/share/texlive/texmf-dist/tex/latex/base/size12.clo
File: size12.clo 2007/10/19 v1.4h Standard LaTeX file (size option)
)
(/usr/share/texlive/texmf-dist/tex/latex/base/exscale.sty
Package: exscale 2007/10/29 v2.1h Standard LaTeX package exscale
LaTeX Font Info:    Redeclaring symbol font `largesymbols' on input line 52.
LaTeX Font Info:    Overwriting symbol font `largesymbols' in version `normal'
(Font)                  OMX/cmex/m/n --> OMX/cmex/m/n on input line 52.
LaTeX Font Info:    Overwriting symbol font `largesymbols' in version `bold'
(Font)                  OMX/cmex/m/n --> OMX/cmex/m/n on input line 52.
\big@size=\dimen102
)
\c@part=\count79
\c@section=\count80
\c@subsection=\count81
\c@subsubsection=\count82
\c@paragraph=\count83
\c@subparagraph=\count84
\c@figure=\count85
\c@table=\count86
\abovecaptionskip=\skip41
\belowcaptionskip=\skip42
\bibindent=\dimen103
)
(/usr/share/texlive/texmf-dist/tex/latex/geometry/geometry.sty
Package: geometry 2010/09/12 v5.6 Page Geometry

(/usr/share/texlive/texmf-dist/tex/latex/graphics/keyval.sty
Package: keyval 1999/03/16 v1.13 key=value parser (DPC)
\KV@toks@=\toks14
)
(/usr/share/texlive/texmf-dist/tex/generic/oberdiek/ifpdf.sty
Package: ifpdf 2011/01/30 v2.3 Provides the ifpdf switch (HO)
Package ifpdf Info: pdfTeX in PDF mode is detected.
)
(/usr/share/texlive/texmf-dist/tex/generic/oberdiek/ifvtex.sty
Package: ifvtex 2010/03/01 v1.5 Detect VTeX and its facilities (HO)
Package ifvtex Info: VTeX not detected.
)
(/usr/share/texlive/texmf-dist/tex/generic/ifxetex/ifxetex.sty
Package: ifxetex 2010/09/12 v0.6 Provides ifxetex conditional
)
\Gm@cnth=\count87
\Gm@cntv=\count88
\c@Gm@tempcnt=\count89
\Gm@bindingoffset=\dimen104
\Gm@wd@mp=\dimen105
\Gm@odd@mp=\dimen106
\Gm@even@mp=\dimen107
\Gm@layoutwidth=\dimen108
\Gm@layoutheight=\dimen109
\Gm@layouthoffset=\dimen110
\Gm@layoutvoffset=\dimen111
\Gm@dimlist=\toks15
)
(/usr/share/texlive/texmf-dist/tex/latex/graphics/graphicx.sty
Package: graphicx 1999/02/16 v1.0f Enhanced LaTeX Graphics (DPC,SPQR)

(/usr/share/texlive/texmf-dist/tex/latex/graphics/graphics.sty
Package: graphics 2009/02/05 v1.0o Standard LaTeX Graphics (DPC,SPQR)

(/usr/share/texlive/texmf-dist/tex/latex/graphics/trig.sty
Package: trig 1999/03/16 v1.09 sin cos tan (DPC)
)
(/usr/share/texlive/texmf-dist/tex/latex/latexconfig/graphics.cfg
File: graphics.cfg 2010/04/23 v1.9 graphics configuration of TeX Live
)
Package graphics Info: Driver file: pdftex.def on input line 91.

(/usr/share/texlive/texmf-dist/tex/latex/pdftex-def/pdftex.def
File: pdftex.def 2011/05/27 v0.06d Graphics/color for pdfTeX

(/usr/share/texlive/texmf-dist/tex/generic/oberdiek/infwarerr.sty
Package: infwarerr 2010/04/08 v1.3 Providing info/warning/error messages (HO)
)
(/usr/share/texlive/texmf-dist/tex/generic/oberdiek/ltxcmds.sty
Package: ltxcmds 2011/11/09 v1.22 LaTeX kernel commands for general use (HO)
)
\Gread@gobject=\count90
))
\Gin@req@height=\dimen112
\Gin@req@width=\dimen113
)
(/usr/share/texlive/texmf-dist/tex/latex/float/float.sty
Package: float 2001/11/08 v1.3d Float enhancements (AL)
\c@float@type=\count91
\float@exts=\toks16
\float@box=\box26
\@float@everytoks=\toks17
\@floatcapt=\box27
)
(/usr/share/texlive/texmf-dist/tex/latex/preprint/authblk.sty
Package: authblk 2001/02/27 1.3 (PWD)
\affilsep=\skip43
\@affilsep=\skip44
\c@Maxaffil=\count92
\c@authors=\count93
\c@affil=\count94
)
(/usr/share/texlive/texmf-dist/tex/latex/amsmath/amsmath.sty
Package: amsmath 2013/01/14 v2.14 AMS math features
\@mathmargin=\skip45

For additional information on amsmath, use the `?' option.
(/usr/share/texlive/texmf-dist/tex/latex/amsmath/amstext.sty
Package: amstext 2000/06/29 v2.01

(/usr/share/texlive/texmf-dist/tex/latex/amsmath/amsgen.sty
File: amsgen.sty 1999/11/30 v2.0
\@emptytoks=\toks18
\ex@=\dimen114
))
(/usr/share/texlive/texmf-dist/tex/latex/amsmath/amsbsy.sty
Package: amsbsy 1999/11/29 v1.2d
\pmbraise@=\dimen115
)
(/usr/share/texlive/texmf-dist/tex/latex/amsmath/amsopn.sty
Package: amsopn 1999/12/14 v2.01 operator names
)
\inf@bad=\count95
LaTeX Info: Redefining \frac on input line 210.
\uproot@=\count96
\leftroot@=\count97
LaTeX Info: Redefining \overline on input line 306.
\classnum@=\count98
\DOTSCASE@=\count99
LaTeX Info: Redefining \ldots on input line 378.
LaTeX Info: Redefining \dots on input line 381.
LaTeX Info: Redefining \cdots on input line 466.
\Mathstrutbox@=\box28
\strutbox@=\box29
\big@size=\dimen116
LaTeX Font Info:    Redeclaring font encoding OML on input line 566.
LaTeX Font Info:    Redeclaring font encoding OMS on input line 567.
\macc@depth=\count100
\c@MaxMatrixCols=\count101
\dotsspace@=\muskip10
\c@parentequation=\count102
\dspbrk@lvl=\count103
\tag@help=\toks19
\row@=\count104
\column@=\count105
\maxfields@=\count106
\andhelp@=\toks20
\eqnshift@=\dimen117
\alignsep@=\dimen118
\tagshift@=\dimen119
\tagwidth@=\dimen120
\totwidth@=\dimen121
\lineht@=\dimen122
\@envbody=\toks21
\multlinegap=\skip46
\multlinetaggap=\skip47
\mathdisplay@stack=\toks22
LaTeX Info: Redefining \[ on input line 2665.
LaTeX Info: Redefining \] on input line 2666.
)
(/usr/share/texlive/texmf-dist/tex/latex/mh/mathtools.sty
Package: mathtools 2013/02/12 v1.13 mathematical typesetting tools

(/usr/share/texlive/texmf-dist/tex/latex/tools/calc.sty
Package: calc 2007/08/22 v4.3 Infix arithmetic (KKT,FJ)
\calc@Acount=\count107
\calc@Bcount=\count108
\calc@Adimen=\dimen123
\calc@Bdimen=\dimen124
\calc@Askip=\skip48
\calc@Bskip=\skip49
LaTeX Info: Redefining \setlength on input line 76.
LaTeX Info: Redefining \addtolength on input line 77.
\calc@Ccount=\count109
\calc@Cskip=\skip50
)
(/usr/share/texlive/texmf-dist/tex/latex/mh/mhsetup.sty
Package: mhsetup 2010/01/21 v1.2a programming setup (MH)
)
LaTeX Info: Thecontrolsequence`\['isalreadyrobust on input line 129.
LaTeX Info: Thecontrolsequence`\]'isalreadyrobust on input line 129.
\g_MT_multlinerow_int=\count110
\l_MT_multwidth_dim=\dimen125
\origjot=\skip51
\l_MT_shortvdotswithinadjustabove_dim=\dimen126
\l_MT_shortvdotswithinadjustbelow_dim=\dimen127
\l_MT_above_intertext_sep=\dimen128
\l_MT_below_intertext_sep=\dimen129
\l_MT_above_shortintertext_sep=\dimen130
\l_MT_below_shortintertext_sep=\dimen131
)
(/usr/share/texlive/texmf-dist/tex/latex/caption/caption.sty
Package: caption 2013/05/02 v3.3-89 Customizing captions (AR)

(/usr/share/texlive/texmf-dist/tex/latex/caption/caption3.sty
Package: caption3 2013/05/02 v1.6-88 caption3 kernel (AR)
Package caption3 Info: TeX engine: e-TeX on input line 57.
\captionmargin=\dimen132
\captionmargin@=\dimen133
\captionwidth=\dimen134
\caption@tempdima=\dimen135
\caption@indent=\dimen136
\caption@parindent=\dimen137
\caption@hangindent=\dimen138
)
\c@ContinuedFloat=\count111
Package caption Info: float package is loaded.
)
(/usr/share/texlive/texmf-dist/tex/latex/caption/subcaption.sty
Package: subcaption 2013/02/03 v1.1-62 Sub-captions (AR)
\c@subfigure=\count112
\c@subtable=\count113
)
(/usr/share/texlive/texmf-dist/tex/latex/wasysym/wasysym.sty
Package: wasysym 2003/10/30 v2.0 Wasy-2 symbol support package
\symwasy=\mathgroup4
LaTeX Font Info:    Overwriting symbol font `wasy' in version `bold'
(Font)                  U/wasy/m/n --> U/wasy/b/n on input line 90.
)
(/usr/share/texlive/texmf-dist/tex/latex/listings/listings.sty
\lst@mode=\count114
\lst@gtempboxa=\box30
\lst@token=\toks23
\lst@length=\count115
\lst@currlwidth=\dimen139
\lst@column=\count116
\lst@pos=\count117
\lst@lostspace=\dimen140
\lst@width=\dimen141
\lst@newlines=\count118
\lst@lineno=\count119
\lst@maxwidth=\dimen142

(/usr/share/texlive/texmf-dist/tex/latex/listings/lstmisc.sty
File: lstmisc.sty 2013/08/26 1.5b (Carsten Heinz)
\c@lstnumber=\count120
\lst@skipnumbers=\count121
\lst@framebox=\box31
)
(/usr/share/texlive/texmf-dist/tex/latex/listings/listings.cfg
File: listings.cfg 2013/08/26 1.5b listings configuration
))
Package: listings 2013/08/26 1.5b (Carsten Heinz)

(/usr/share/texlive/texmf-dist/tex/latex/graphics/color.sty
Package: color 2005/11/14 v1.0j Standard LaTeX Color (DPC)

(/usr/share/texlive/texmf-dist/tex/latex/latexconfig/color.cfg
File: color.cfg 2007/01/18 v1.5 color configuration of teTeX/TeXLive
)
Package color Info: Driver file: pdftex.def on input line 130.
)
(/usr/share/texlive/texmf-dist/tex/latex/multirow/multirow.sty
\bigstrutjot=\dimen143
)
(/usr/share/texlive/texmf-dist/tex/latex/oberdiek/epstopdf.sty
Package: epstopdf 2010/02/09 v2.5 Conversion with epstopdf on the fly (HO)

(/usr/share/texlive/texmf-dist/tex/latex/oberdiek/epstopdf-base.sty
Package: epstopdf-base 2010/02/09 v2.5 Base part for package epstopdf

(/usr/share/texlive/texmf-dist/tex/latex/oberdiek/grfext.sty
Package: grfext 2010/08/19 v1.1 Manage graphics extensions (HO)

(/usr/share/texlive/texmf-dist/tex/generic/oberdiek/kvdefinekeys.sty
Package: kvdefinekeys 2011/04/07 v1.3 Define keys (HO)
))
(/usr/share/texlive/texmf-dist/tex/latex/oberdiek/kvoptions.sty
Package: kvoptions 2011/06/30 v3.11 Key value format for package options (HO)

(/usr/share/texlive/texmf-dist/tex/generic/oberdiek/kvsetkeys.sty
Package: kvsetkeys 2012/04/25 v1.16 Key value parser (HO)

(/usr/share/texlive/texmf-dist/tex/generic/oberdiek/etexcmds.sty
Package: etexcmds 2011/02/16 v1.5 Avoid name clashes with e-TeX commands (HO)

(/usr/share/texlive/texmf-dist/tex/generic/oberdiek/ifluatex.sty
Package: ifluatex 2010/03/01 v1.3 Provides the ifluatex switch (HO)
Package ifluatex Info: LuaTeX not detected.
)
Package etexcmds Info: Could not find \expanded.
(etexcmds)             That can mean that you are not using pdfTeX 1.50 or
(etexcmds)             that some package has redefined \expanded.
(etexcmds)             In the latter case, load this package earlier.
)))
(/usr/share/texlive/texmf-dist/tex/generic/oberdiek/pdftexcmds.sty
Package: pdftexcmds 2011/11/29 v0.20 Utility functions of pdfTeX for LuaTeX (HO
)
Package pdftexcmds Info: LuaTeX not detected.
Package pdftexcmds Info: \pdf@primitive is available.
Package pdftexcmds Info: \pdf@ifprimitive is available.
Package pdftexcmds Info: \pdfdraftmode found.
)
Package grfext Info: Graphics extension search list:
(grfext)             [.png,.pdf,.jpg,.mps,.jpeg,.jbig2,.jb2,.PNG,.PDF,.JPG,.JPE
G,.JBIG2,.JB2,.eps]
(grfext)             \AppendGraphicsExtensions on input line 452.

(/usr/share/texlive/texmf-dist/tex/latex/latexconfig/epstopdf-sys.cfg
File: epstopdf-sys.cfg 2010/07/13 v1.3 Configuration of (r)epstopdf for TeX Liv
e
)))
Package color Info: Redefining color red on input line 34.
Package color Info: Redefining color green on input line 35.

(/usr/share/texlive/texmf-dist/tex/latex/listings/lstlang1.sty
File: lstlang1.sty 2013/08/26 1.5b listings language file
) (./report.aux

LaTeX Warning: Label `fig:Res1' multiply defined.


LaTeX Warning: Label `eq:GE' multiply defined.

)
\openout1 = `report.aux'.

LaTeX Font Info:    Checking defaults for OML/cmm/m/it on input line 46.
LaTeX Font Info:    ... okay on input line 46.
LaTeX Font Info:    Checking defaults for T1/cmr/m/n on input line 46.
LaTeX Font Info:    ... okay on input line 46.
LaTeX Font Info:    Checking defaults for OT1/cmr/m/n on input line 46.
LaTeX Font Info:    ... okay on input line 46.
LaTeX Font Info:    Checking defaults for OMS/cmsy/m/n on input line 46.
LaTeX Font Info:    ... okay on input line 46.
LaTeX Font Info:    Checking defaults for OMX/cmex/m/n on input line 46.
LaTeX Font Info:    ... okay on input line 46.
LaTeX Font Info:    Checking defaults for U/cmr/m/n on input line 46.
LaTeX Font Info:    ... okay on input line 46.

*geometry* driver: auto-detecting
*geometry* detected driver: pdftex
*geometry* verbose mode - [ preamble ] result:
* driver: pdftex
* paper: a4paper
* layout: <same size as paper>
* layoutoffset:(h,v)=(0.0pt,0.0pt)
* modes: 
* h-part:(L,W,R)=(56.9055pt, 483.69684pt, 56.90553pt)
* v-part:(T,H,B)=(56.9055pt, 731.23582pt, 56.90552pt)
* \paperwidth=597.50787pt
* \paperheight=845.04684pt
* \textwidth=483.69684pt
* \textheight=731.23582pt
* \oddsidemargin=-15.36449pt
* \evensidemargin=-15.36449pt
* \topmargin=-52.36449pt
* \headheight=12.0pt
* \headsep=25.0pt
* \topskip=12.0pt
* \footskip=30.0pt
* \marginparwidth=35.0pt
* \marginparsep=10.0pt
* \columnsep=10.0pt
* \skip\footins=10.8pt plus 4.0pt minus 2.0pt
* \hoffset=0.0pt
* \voffset=0.0pt
* \mag=1000
* \@twocolumnfalse
* \@twosidefalse
* \@mparswitchfalse
* \@reversemarginfalse
* (1in=72.27pt=25.4mm, 1cm=28.453pt)

(/usr/share/texlive/texmf-dist/tex/context/base/supp-pdf.mkii
[Loading MPS to PDF converter (version 2006.09.02).]
\scratchcounter=\count122
\scratchdimen=\dimen144
\scratchbox=\box32
\nofMPsegments=\count123
\nofMParguments=\count124
\everyMPshowfont=\toks24
\MPscratchCnt=\count125
\MPscratchDim=\dimen145
\MPnumerator=\count126
\makeMPintoPDFobject=\count127
\everyMPtoPDFconversion=\toks25
)
Package caption Info: Begin \AtBeginDocument code.
Package caption Info: listings package is loaded.
Package caption Info: End \AtBeginDocument code.
\c@lstlisting=\count128
LaTeX Font Info:    Try loading font information for U+wasy on input line 48.
 (/usr/share/texlive/texmf-dist/tex/latex/wasysym/uwasy.fd
File: uwasy.fd 2003/10/30 v2.0 Wasy-2 symbol font definitions
) [1

{/var/lib/texmf/fonts/map/pdftex/updmap/pdftex.map}]
LaTeX Font Info:    Try loading font information for OMS+cmr on input line 74.

(/usr/share/texlive/texmf-dist/tex/latex/base/omscmr.fd
File: omscmr.fd 1999/05/25 v2.5h Standard LaTeX font definitions
)
LaTeX Font Info:    Font shape `OMS/cmr/m/n' in size <12> not available
(Font)              Font shape `OMS/cmsy/m/n' tried instead on input line 74.
 [2]
<figure/minimize_residual.png, id=21, 619.56468pt x 511.9125pt>
File: figure/minimize_residual.png Graphic file (type png)

<use figure/minimize_residual.png>
Package pdftex.def Info: figure/minimize_residual.png used on input line 121.
(pdftex.def)             Requested size: 309.92337pt x 256.0748pt.
 [3 <./figure/minimize_residual.png>]
Package epstopdf Info: Source file: <figure/1N19.eps>
(epstopdf)                    date: 2015-11-28 11:43:03
(epstopdf)                    size: 23992 bytes
(epstopdf)             Output file: <figure/1N19-eps-converted-to.pdf>
(epstopdf)                    date: 2015-11-28 11:43:03
(epstopdf)                    size: 17640 bytes
(epstopdf)             Command: <repstopdf --outfile=figure/1N19-eps-converted-
to.pdf figure/1N19.eps>
(epstopdf)             \includegraphics on input line 171.
Package epstopdf Info: Output file is already uptodate.

<figure/1N19-eps-converted-to.pdf, id=28, 1883.035pt x 1015.795pt>
File: figure/1N19-eps-converted-to.pdf Graphic file (type pdf)

<use figure/1N19-eps-converted-to.pdf>
Package pdftex.def Info: figure/1N19-eps-converted-to.pdf used on input line 17
1.
(pdftex.def)             Requested size: 227.62204pt x 122.78912pt.
Package epstopdf Info: Source file: <figure/1N30.eps>
(epstopdf)                    date: 2015-11-28 11:43:03
(epstopdf)                    size: 25238 bytes
(epstopdf)             Output file: <figure/1N30-eps-converted-to.pdf>
(epstopdf)                    date: 2015-11-28 11:43:03
(epstopdf)                    size: 19291 bytes
(epstopdf)             Command: <repstopdf --outfile=figure/1N30-eps-converted-
to.pdf figure/1N30.eps>
(epstopdf)             \includegraphics on input line 175.
Package epstopdf Info: Output file is already uptodate.

<figure/1N30-eps-converted-to.pdf, id=29, 1883.035pt x 1015.795pt>
File: figure/1N30-eps-converted-to.pdf Graphic file (type pdf)

<use figure/1N30-eps-converted-to.pdf>
Package pdftex.def Info: figure/1N30-eps-converted-to.pdf used on input line 17
5.
(pdftex.def)             Requested size: 227.62204pt x 122.78912pt.
Package epstopdf Info: Source file: <figure/convergence_study_31.eps>
(epstopdf)                    date: 2015-12-15 14:16:12
(epstopdf)                    size: 41778 bytes
(epstopdf)             Output file: <figure/convergence_study_31-eps-converted-
to.pdf>
(epstopdf)                    date: 2015-12-15 14:16:12
(epstopdf)                    size: 114885 bytes
(epstopdf)             Command: <repstopdf --outfile=figure/convergence_study_3
1-eps-converted-to.pdf figure/convergence_study_31.eps>
(epstopdf)             \includegraphics on input line 184.
Package epstopdf Info: Output file is already uptodate.

<figure/convergence_study_31-eps-converted-to.pdf, id=30, 1280.785pt x 703.6287
5pt>
File: figure/convergence_study_31-eps-converted-to.pdf Graphic file (type pdf)
 <use figure/convergence_study_31-eps-converted-to.pdf>
Package pdftex.def Info: figure/convergence_study_31-eps-converted-to.pdf used 
on input line 184.
(pdftex.def)             Requested size: 310.73656pt x 170.71652pt.
 [4 <./figure/1N19-eps-converted-to.pdf> <./figure/1N30-eps-converted-to.pdf>]
Package epstopdf Info: Source file: <figure/fig1.eps>
(epstopdf)                    date: 2015-12-15 16:09:43
(epstopdf)                    size: 9458 bytes
(epstopdf)             Output file: <figure/fig1-eps-converted-to.pdf>
(epstopdf)                    date: 2015-12-15 16:09:58
(epstopdf)                    size: 4143 bytes
(epstopdf)             Command: <repstopdf --outfile=figure/fig1-eps-converted-
to.pdf figure/fig1.eps>
(epstopdf)             \includegraphics on input line 206.
Package epstopdf Info: Output file is already uptodate.

<figure/fig1-eps-converted-to.pdf, id=93, 963.6pt x 683.55376pt>
File: figure/fig1-eps-converted-to.pdf Graphic file (type pdf)

<use figure/fig1-eps-converted-to.pdf>
Package pdftex.def Info: figure/fig1-eps-converted-to.pdf used on input line 20
6.
(pdftex.def)             Requested size: 227.62204pt x 161.46956pt.
 [5 <./figure/convergence_study_31-eps-converted-to.pdf> <./figure/fig1-eps-con
verted-to.pdf>]
Package epstopdf Info: Source file: <figure/2N75.eps>
(epstopdf)                    date: 2015-11-28 11:43:03
(epstopdf)                    size: 25069 bytes
(epstopdf)             Output file: <figure/2N75-eps-converted-to.pdf>
(epstopdf)                    date: 2015-11-28 11:43:03
(epstopdf)                    size: 14883 bytes
(epstopdf)             Command: <repstopdf --outfile=figure/2N75-eps-converted-
to.pdf figure/2N75.eps>
(epstopdf)             \includegraphics on input line 223.
Package epstopdf Info: Output file is already uptodate.

<figure/2N75-eps-converted-to.pdf, id=131, 1901.1025pt x 1015.795pt>
File: figure/2N75-eps-converted-to.pdf Graphic file (type pdf)

<use figure/2N75-eps-converted-to.pdf>
Package pdftex.def Info: figure/2N75-eps-converted-to.pdf used on input line 22
3.
(pdftex.def)             Requested size: 227.62204pt x 121.61115pt.
Package epstopdf Info: Source file: <figure/2N199.eps>
(epstopdf)                    date: 2015-11-28 11:43:03
(epstopdf)                    size: 29500 bytes
(epstopdf)             Output file: <figure/2N199-eps-converted-to.pdf>
(epstopdf)                    date: 2015-11-28 11:43:03
(epstopdf)                    size: 16902 bytes
(epstopdf)             Command: <repstopdf --outfile=figure/2N199-eps-converted
-to.pdf figure/2N199.eps>
(epstopdf)             \includegraphics on input line 227.
Package epstopdf Info: Output file is already uptodate.

<figure/2N199-eps-converted-to.pdf, id=132, 1901.1025pt x 1015.795pt>
File: figure/2N199-eps-converted-to.pdf Graphic file (type pdf)

<use figure/2N199-eps-converted-to.pdf>
Package pdftex.def Info: figure/2N199-eps-converted-to.pdf used on input line 2
27.
(pdftex.def)             Requested size: 227.62204pt x 121.61115pt.
Package epstopdf Info: Source file: <figure/convergence_study_32.eps>
(epstopdf)                    date: 2015-12-15 14:16:12
(epstopdf)                    size: 278014 bytes
(epstopdf)             Output file: <figure/convergence_study_32-eps-converted-
to.pdf>
(epstopdf)                    date: 2015-12-15 14:16:12
(epstopdf)                    size: 1223780 bytes
(epstopdf)             Command: <repstopdf --outfile=figure/convergence_study_3
2-eps-converted-to.pdf figure/convergence_study_32.eps>
(epstopdf)             \includegraphics on input line 238.
Package epstopdf Info: Output file is already uptodate.

<figure/convergence_study_32-eps-converted-to.pdf, id=133, 1268.74pt x 703.6287
5pt>
File: figure/convergence_study_32-eps-converted-to.pdf Graphic file (type pdf)
 <use figure/convergence_study_32-eps-converted-to.pdf>
Package pdftex.def Info: figure/convergence_study_32-eps-converted-to.pdf used 
on input line 238.
(pdftex.def)             Requested size: 307.81427pt x 170.71652pt.
Package epstopdf Info: Source file: <figure/3N20.eps>
(epstopdf)                    date: 2015-11-28 11:43:03
(epstopdf)                    size: 26522 bytes
(epstopdf)             Output file: <figure/3N20-eps-converted-to.pdf>
(epstopdf)                    date: 2015-11-28 11:43:03
(epstopdf)                    size: 17043 bytes
(epstopdf)             Command: <repstopdf --outfile=figure/3N20-eps-converted-
to.pdf figure/3N20.eps>
(epstopdf)             \includegraphics on input line 256.
Package epstopdf Info: Output file is already uptodate.

<figure/3N20-eps-converted-to.pdf, id=134, 1899.095pt x 1015.795pt>
File: figure/3N20-eps-converted-to.pdf Graphic file (type pdf)

<use figure/3N20-eps-converted-to.pdf>
Package pdftex.def Info: figure/3N20-eps-converted-to.pdf used on input line 25
6.
(pdftex.def)             Requested size: 227.62204pt x 121.75064pt.
Package epstopdf Info: Source file: <figure/3N99.eps>
(epstopdf)                    date: 2015-11-28 11:43:03
(epstopdf)                    size: 29497 bytes
(epstopdf)             Output file: <figure/3N99-eps-converted-to.pdf>
(epstopdf)                    date: 2015-11-28 11:43:03
(epstopdf)                    size: 18459 bytes
(epstopdf)             Command: <repstopdf --outfile=figure/3N99-eps-converted-
to.pdf figure/3N99.eps>
(epstopdf)             \includegraphics on input line 260.
Package epstopdf Info: Output file is already uptodate.

<figure/3N99-eps-converted-to.pdf, id=135, 1899.095pt x 1015.795pt>
File: figure/3N99-eps-converted-to.pdf Graphic file (type pdf)

<use figure/3N99-eps-converted-to.pdf>
Package pdftex.def Info: figure/3N99-eps-converted-to.pdf used on input line 26
0.
(pdftex.def)             Requested size: 227.62204pt x 121.75064pt.
 [6 <./figure/2N75-eps-converted-to.pdf> <./figure/2N199-eps-converted-to.pdf> 
<./figure/convergence_study_32-eps-converted-to.pdf>]
Package epstopdf Info: Source file: <figure/convergence_study_33.eps>
(epstopdf)                    date: 2015-12-15 14:16:12
(epstopdf)                    size: 294475 bytes
(epstopdf)             Output file: <figure/convergence_study_33-eps-converted-
to.pdf>
(epstopdf)                    date: 2015-12-15 14:16:12
(epstopdf)                    size: 1323423 bytes
(epstopdf)             Command: <repstopdf --outfile=figure/convergence_study_3
3-eps-converted-to.pdf figure/convergence_study_33.eps>
(epstopdf)             \includegraphics on input line 271.
Package epstopdf Info: Output file is already uptodate.

<figure/convergence_study_33-eps-converted-to.pdf, id=225, 1268.74pt x 703.6287
5pt>
File: figure/convergence_study_33-eps-converted-to.pdf Graphic file (type pdf)
 <use figure/convergence_study_33-eps-converted-to.pdf>
Package pdftex.def Info: figure/convergence_study_33-eps-converted-to.pdf used 
on input line 271.
(pdftex.def)             Requested size: 307.81427pt x 170.71652pt.

Overfull \hbox (26.73135pt too wide) detected at line 281
\OT1/cmr/m/n/12 (\OML/cmm/m/it/12 m[] \OT1/cmr/m/n/12 + \OML/cmm/m/it/12 m[]\OT
1/cmr/m/n/12 )\OML/cmm/m/it/12 l[][] \OT1/cmr/m/n/12 + \OML/cmm/m/it/12 m[]l[][
] []\OT1/cmr/m/n/12 (\OML/cmm/m/it/12 ^^R[] \OMS/cmsy/m/n/12 ^^@ \OML/cmm/m/it/
12 ^^R[]\OT1/cmr/m/n/12 ) + \OML/cmm/m/it/12 m[]l[][][] []\OT1/cmr/m/n/12 (\OML
/cmm/m/it/12 ^^R[] \OMS/cmsy/m/n/12 ^^@ \OML/cmm/m/it/12 ^^R[]\OT1/cmr/m/n/12 )
 + (\OML/cmm/m/it/12 c[] \OT1/cmr/m/n/12 + \OML/cmm/m/it/12 c[]\OT1/cmr/m/n/12 
)(\OML/cmm/m/it/12 l[]\OT1/cmr/m/n/12 )[] + \OML/cmm/m/it/12 c[]l[]l[][] \OT1/c
mr/m/n/12 + \OML/cmm/m/it/12 g\OT1/cmr/m/n/12 (\OML/cmm/m/it/12 m[] \OT1/cmr/m/
n/12 + \OML/cmm/m/it/12 m[]\OT1/cmr/m/n/12 ) [](\OML/cmm/m/it/12 ^^R[]\OT1/cmr/
m/n/12 ) = 0
 []

[7 <./figure/3N20-eps-converted-to.pdf> <./figure/3N99-eps-converted-to.pdf> <.
/figure/convergence_study_33-eps-converted-to.pdf>]
<figure/p11.png, id=326, 578.16pt x 431.4519pt>
File: figure/p11.png Graphic file (type png)
 <use figure/p11.png>
Package pdftex.def Info: figure/p11.png used on input line 309.
(pdftex.def)             Requested size: 227.62204pt x 169.85875pt.

<figure/p21.png, id=327, 578.16pt x 431.4519pt>
File: figure/p21.png Graphic file (type png)
 <use figure/p21.png>
Package pdftex.def Info: figure/p21.png used on input line 313.
(pdftex.def)             Requested size: 227.62204pt x 169.85875pt.

<figure/p12.png, id=328, 578.16pt x 431.4519pt>
File: figure/p12.png Graphic file (type png)
 <use figure/p12.png>
Package pdftex.def Info: figure/p12.png used on input line 322.
(pdftex.def)             Requested size: 227.62204pt x 169.85875pt.

<figure/p22.png, id=329, 578.16pt x 431.4519pt>
File: figure/p22.png Graphic file (type png)
 <use figure/p22.png>
Package pdftex.def Info: figure/p22.png used on input line 326.
(pdftex.def)             Requested size: 227.62204pt x 169.85875pt.

<figure/doubleWedgeAirfoil.png, id=330, 1214.5375pt x 552.0625pt>
File: figure/doubleWedgeAirfoil.png Graphic file (type png)

<use figure/doubleWedgeAirfoil.png>
Package pdftex.def Info: figure/doubleWedgeAirfoil.png used on input line 342.
(pdftex.def)             Requested size: 256.0748pt x 116.39142pt.
 [8 <./figure/p11.png> <./figure/p21.png> <./figure/p12.png> <./figure/p22.png>
] [9 <./figure/doubleWedgeAirfoil.png>]
Package epstopdf Info: Source file: <figure/4N9.eps>
(epstopdf)                    date: 2015-11-30 12:32:52
(epstopdf)                    size: 35543 bytes
(epstopdf)             Output file: <figure/4N9-eps-converted-to.pdf>
(epstopdf)                    date: 2015-11-30 12:32:52
(epstopdf)                    size: 20889 bytes
(epstopdf)             Command: <repstopdf --outfile=figure/4N9-eps-converted-t
o.pdf figure/4N9.eps>
(epstopdf)             \includegraphics on input line 428.
Package epstopdf Info: Output file is already uptodate.

<figure/4N9-eps-converted-to.pdf, id=342, 1899.095pt x 1015.795pt>
File: figure/4N9-eps-converted-to.pdf Graphic file (type pdf)

<use figure/4N9-eps-converted-to.pdf>
Package pdftex.def Info: figure/4N9-eps-converted-to.pdf used on input line 428
.
(pdftex.def)             Requested size: 341.43306pt x 182.61821pt.
 [10 <./figure/4N9-eps-converted-to.pdf>]
(./code/31.py) [11] (./code/32.py) [12] (./code/33.py) [13] (./code/34.py)
(./code/35.py
Overfull \hbox (26.79205pt too wide) in paragraph at lines 38--39
[][][][][][][][][][][][][][][][][][][][][][][][][][][][][][][][][][][][][][][][
][][][][][][][][][][][] 
 []

[14]) [15] (./code/Pendulum.py
Overfull \hbox (337.22449pt too wide) in paragraph at lines 13--14
[][][][][][][][][][][][][][][][][] 
 []


Overfull \hbox (130.26953pt too wide) in paragraph at lines 46--47
[][][][][][][][][][][][][][][][][][][][][][][][][][][][][][][][][][][][][][][][
][][][][][][][][][][][][][][][][][][][][][][][][][][][][][][][][][][][][][][][]
[][][][][][][][][][][][][][] 
 []


Overfull \hbox (116.47253pt too wide) in paragraph at lines 47--48
[][][][][][][][][][][][][][][][][][][][][][][][][][][][][][][][][][][][][][][][
][][][][][][][][][][][][][][][][][][][][][][][][][][][][][][][][][][][][][][][]
[][][][][][][][][][][][][][][][][] 
 []

[16]
Overfull \hbox (144.06653pt too wide) in paragraph at lines 69--70
[][][][][][][][][][][][][][][][][][][][][][][][][][][][][][][][][][][][][][][][
][][][][][][][][][][][][][][][][][][][][][][][][][][][][][][][][][][][][][][][]
[][][][][][][][][][][][][][] 
 []


Overfull \hbox (164.76202pt too wide) in paragraph at lines 70--71
[][][][][][][][][][][][][][][][][][][][][][][][][][][][][][][][][][][][][][][][
][][][][][][][][][][][][][][][][][][][][][][][][][][][][][][][][][][][][][][][]
[][][][][][][][][][][][][][][][][] 
 []

) [17] (./code/aerodynamic.py
Overfull \hbox (19.89355pt too wide) in paragraph at lines 6--7
[][][][][][][][][][][][][][][][][][][][][][][][][][][][][][][][][][][][][][][][
][][][][][][][][][][][][][][][][] 
 []


Overfull \hbox (33.69055pt too wide) in paragraph at lines 7--8
[][][][][][][][][][][][][][][][][][][][][][][][][][][][][][][][][][][][][][][][
][][][][][][][][][][][][][][][][][][][][][][][][][][][][][][][] 
 []


Overfull \hbox (68.18304pt too wide) in paragraph at lines 15--16
[][][][][][][][][][][][][][][][][][][][][][][][][][][][][][][][][][][][][][][][
][][][][][][][][][][][][][][][][][][][][][][][][][][][][][][][][][][][][][][][]
[][][][][][][][] 
 []


Overfull \hbox (6.09656pt too wide) in paragraph at lines 46--48
[][][][][][][][][][][][][][][][][][][][][][][][][][][][][][][][][][][] 
 []

[18]) [19] (./code/samyukta.m) [20] (./code/getShape.py
Overfull \hbox (47.48755pt too wide) in paragraph at lines 20--21
[][][][][][][][][][][][] 
 []


Overfull \hbox (47.48755pt too wide) in paragraph at lines 33--34
[][][][][][][][][][][][] 
 []


Overfull \hbox (47.48755pt too wide) in paragraph at lines 46--47
[][][][][][][][][][][][] 
 []

[21]
Overfull \hbox (47.48755pt too wide) in paragraph at lines 59--60
[][][][][][][][][][][][] 
 []


Overfull \hbox (26.79205pt too wide) in paragraph at lines 87--88
[][][][][][][][][][][][][][][][][][][][][][][][][][][][][][][][][][][][][][][] 

 []


Overfull \hbox (12.99506pt too wide) in paragraph at lines 93--94
[][][][][][][][][][][][][][][][][][][][][][][][][][][][][][][][][][][][][][][] 

 []


Overfull \hbox (19.89355pt too wide) in paragraph at lines 95--96
[][][][][][][][][][][][][][][][][][][][][][][][][][][][][][][][][][][][][][][] 

 []

) [22] (./report.bbl) [23] (./report.aux)

LaTeX Warning: There were multiply-defined labels.

 ) 
Here is how much of TeX's memory you used:
 6530 strings out of 494985
 97921 string characters out of 6180356
 227627 words of memory out of 5000000
 9605 multiletter control sequences out of 15000+600000
 12198 words of font info for 46 fonts, out of 8000000 for 9000
 36 hyphenation exceptions out of 8191
 42i,10n,40p,948b,1480s stack positions out of 5000i,500n,10000p,200000b,80000s
</usr/share/texlive/texmf-dist/fonts/type1/public/amsfonts/cm/cmbx12.pfb></us
r/share/texlive/texmf-dist/fonts/type1/public/amsfonts/cm/cmex10.pfb></usr/shar
e/texlive/texmf-dist/fonts/type1/public/amsfonts/cm/cmmi12.pfb></usr/share/texl
ive/texmf-dist/fonts/type1/public/amsfonts/cm/cmmi6.pfb></usr/share/texlive/tex
mf-dist/fonts/type1/public/amsfonts/cm/cmmi8.pfb></usr/share/texlive/texmf-dist
/fonts/type1/public/amsfonts/cm/cmr10.pfb></usr/share/texlive/texmf-dist/fonts/
type1/public/amsfonts/cm/cmr12.pfb></usr/share/texlive/texmf-dist/fonts/type1/p
ublic/amsfonts/cm/cmr17.pfb></usr/share/texlive/texmf-dist/fonts/type1/public/a
msfonts/cm/cmr6.pfb></usr/share/texlive/texmf-dist/fonts/type1/public/amsfonts/
cm/cmr8.pfb></usr/share/texlive/texmf-dist/fonts/type1/public/amsfonts/cm/cmsy1
0.pfb></usr/share/texlive/texmf-dist/fonts/type1/public/amsfonts/cm/cmsy6.pfb><
/usr/share/texlive/texmf-dist/fonts/type1/public/amsfonts/cm/cmsy8.pfb></usr/sh
are/texlive/texmf-dist/fonts/type1/public/amsfonts/cm/cmti12.pfb></usr/share/te
xlive/texmf-dist/fonts/type1/public/amsfonts/cm/cmtt10.pfb></usr/share/texlive/
texmf-dist/fonts/type1/public/amsfonts/cm/cmtt12.pfb>
Output written on report.pdf (23 pages, 3343178 bytes).
PDF statistics:
 477 PDF objects out of 1000 (max. 8388607)
 145 compressed objects within 2 object streams
 0 named destinations out of 1000 (max. 500000)
 86 words of extra memory for PDF output out of 10000 (max. 10000000)

